<?xml version="1.0" encoding="UTF-8"?>
<!-- Generated by org.testng.reporters.JUnitXMLReporter -->
<testsuite hostname="Yuvan-HP-New" ignored="0" name="ChromeTest" tests="8" failures="4" timestamp="20 Jan 2021 14:27:13 GMT" time="42.638" errors="0">
  <testcase name="loginTest" time="3.696" classname="com.shopclues.test.LoginDataDrivenTest">
    <failure type="java.lang.AssertionError" message="expected [true] but found [false]">
      <![CDATA[java.lang.AssertionError: expected [true] but found [false]
at com.shopclues.test.LoginDataDrivenTest.loginTest(LoginDataDrivenTest.java:51)
... Removed 29 stack frames]]>
    </failure>
  </testcase> <!-- loginTest -->
  <testcase name="loginTest" time="3.142" classname="com.shopclues.test.LoginDataDrivenTest">
    <failure type="java.lang.AssertionError" message="expected [true] but found [false]">
      <![CDATA[java.lang.AssertionError: expected [true] but found [false]
at com.shopclues.test.LoginDataDrivenTest.loginTest(LoginDataDrivenTest.java:51)
... Removed 29 stack frames]]>
    </failure>
  </testcase> <!-- loginTest -->
  <testcase name="loginTest" time="3.049" classname="com.shopclues.test.LoginDataDrivenTest">
    <failure type="java.lang.AssertionError" message="expected [true] but found [false]">
      <![CDATA[java.lang.AssertionError: expected [true] but found [false]
at com.shopclues.test.LoginDataDrivenTest.loginTest(LoginDataDrivenTest.java:51)
... Removed 29 stack frames]]>
    </failure>
  </testcase> <!-- loginTest -->
  <testcase name="loginTest" time="3.106" classname="com.shopclues.test.LoginDataDrivenTest">
    <failure type="java.lang.AssertionError" message="expected [true] but found [false]">
      <![CDATA[java.lang.AssertionError: expected [true] but found [false]
at com.shopclues.test.LoginDataDrivenTest.loginTest(LoginDataDrivenTest.java:51)
... Removed 29 stack frames]]>
    </failure>
  </testcase> <!-- loginTest -->
  <testcase name="loginTest" time="6.201" classname="com.shopclues.test.LoginDataDrivenTest"/>
  <testcase name="searchProductTest" time="1.915" classname="com.shopclues.test.SearchTest"/>
  <testcase name="searchProductTest" time="1.243" classname="com.shopclues.test.SearchTest"/>
  <testcase name="searchProductTest" time="1.474" classname="com.shopclues.test.SearchTest"/>
</testsuite> <!-- ChromeTest -->
